line 3895, col 57: Option set not found: vcs_actel_smart_fusion_lib.


Running in Lattice mode


Starting:    C:\ISPLEVER_CLASSIC1_4\synpbase\bin\mbin\synbatch.exe
Install:     C:\ISPLEVER_CLASSIC1_4\synpbase
Date:        Mon Sep 22 11:14:46 2014
Version:     D-2009.12LC-1


Arguments:   -product synplify_pro  -batch e:/byggern/dag2\Code.prj
ProductType: synplify_pro






Running synthesis on Code:dag2

log file: "E:\byggern\dag2\code.srf"



Running flow compile_flow ...


Running HDL Compiler...
Start Time:11:14:46


Compiler Completed
Return Code: 0
Completion Time:11:14:47


Running flow synthesis ...

Launching mapper in pro mode


Running ispGAL Mapper...
Start Time:11:14:48


ispGAL Mapper Completed
Return Code: 0
Completion Time:11:14:48

exit status=0


